2024-06-29 11:04:57.249 [main] INFO  api.tests.UserTests - *****Creating User*******
2024-06-29 11:05:00.236 [main] INFO  api.tests.UserTests - *****User is Created*******
2024-06-29 11:05:00.263 [main] INFO  api.tests.UserTests - *****getting User info*******
2024-06-29 11:05:01.722 [main] INFO  api.tests.UserTests - *****User info fetched*******
2024-06-29 11:05:01.728 [main] INFO  api.tests.UserTests - *****Updating User*******
2024-06-29 11:05:04.670 [main] INFO  api.tests.UserTests - *****User is updated*******
2024-06-29 11:05:04.676 [main] INFO  api.tests.UserTests - *****deleting User*******
2024-06-29 11:05:06.121 [main] INFO  api.tests.UserTests - ****User is deleted*******
2024-06-29 11:07:45.785 [main] INFO  api.tests.UserTests - *****Creating User*******
2024-06-29 11:07:48.927 [main] INFO  api.tests.UserTests - *****User is Created*******
2024-06-29 11:07:48.944 [main] INFO  api.tests.UserTests - *****getting User info*******
2024-06-29 11:07:50.173 [main] INFO  api.tests.UserTests - *****User info fetched*******
2024-06-29 11:07:50.180 [main] INFO  api.tests.UserTests - *****Updating User*******
2024-06-29 11:07:53.242 [main] INFO  api.tests.UserTests - *****User is updated*******
2024-06-29 11:07:53.248 [main] INFO  api.tests.UserTests - *****deleting User*******
2024-06-29 11:07:54.675 [main] INFO  api.tests.UserTests - ****User is deleted*******
2024-06-29 11:09:27.548 [main] INFO  api.tests.UserTests - *****Creating User*******
2024-06-29 11:09:30.605 [main] INFO  api.tests.UserTests - *****User is Created*******
2024-06-29 11:09:30.627 [main] INFO  api.tests.UserTests - *****getting User info*******
2024-06-29 11:09:32.168 [main] INFO  api.tests.UserTests - *****User info fetched*******
2024-06-29 11:09:32.176 [main] INFO  api.tests.UserTests - *****Updating User*******
2024-06-29 11:09:32.177 [main] DEBUG api.tests.UserTests - Debug message: Starting TestPostUser...
2024-06-29 11:09:35.148 [main] INFO  api.tests.UserTests - *****User is updated*******
2024-06-29 11:09:35.158 [main] INFO  api.tests.UserTests - *****deleting User*******
2024-06-29 11:09:36.668 [main] INFO  api.tests.UserTests - ****User is deleted*******
2024-06-29 11:18:57.254 [main] INFO  api.tests.UserTests - *****Creating User*******
2024-06-29 11:19:00.357 [main] INFO  api.tests.UserTests - *****User is Created*******
2024-06-29 11:19:00.377 [main] INFO  api.tests.UserTests - *****getting User info*******
2024-06-29 11:19:01.707 [main] INFO  api.tests.UserTests - *****User info fetched*******
2024-06-29 11:19:01.714 [main] INFO  api.tests.UserTests - *****Updating User*******
2024-06-29 11:19:04.672 [main] INFO  api.tests.UserTests - *****User is updated*******
2024-06-29 11:19:04.680 [main] INFO  api.tests.UserTests - *****deleting User*******
2024-06-29 11:19:06.215 [main] INFO  api.tests.UserTests - ****User is deleted*******
2024-06-29 11:23:08.822 [main] INFO  api.tests.UserTests - *****Creating User*******
2024-06-29 11:23:12.369 [main] INFO  api.tests.UserTests - *****User is Created*******
2024-06-29 11:23:12.388 [main] INFO  api.tests.UserTests - *****getting User info*******
2024-06-29 11:23:13.927 [main] INFO  api.tests.UserTests - *****User info fetched*******
2024-06-29 11:23:13.937 [main] INFO  api.tests.UserTests - *****Updating User*******
2024-06-29 11:23:16.991 [main] INFO  api.tests.UserTests - *****User is updated*******
2024-06-29 11:23:16.998 [main] INFO  api.tests.UserTests - *****deleting User*******
2024-06-29 11:23:18.529 [main] INFO  api.tests.UserTests - ****User is deleted*******
2024-06-29 11:24:33.554 [main] INFO  api.tests.UserTests - *****Creating User*******
2024-06-29 11:24:37.046 [main] INFO  api.tests.UserTests - *****User is Created*******
2024-06-29 11:24:37.069 [main] INFO  api.tests.UserTests - *****getting User info*******
2024-06-29 11:24:38.508 [main] INFO  api.tests.UserTests - *****User info fetched*******
2024-06-29 11:24:38.515 [main] INFO  api.tests.UserTests - *****Updating User*******
2024-06-29 11:24:40.976 [main] INFO  api.tests.UserTests - *****User is updated*******
2024-06-29 11:24:40.983 [main] INFO  api.tests.UserTests - *****deleting User*******
2024-06-29 11:24:42.242 [main] INFO  api.tests.UserTests - ****User is deleted*******
2024-06-29 11:41:20.977 [main] INFO  api.tests.UserTests - *****Creating User*******
2024-06-29 11:41:24.908 [main] INFO  api.tests.UserTests - *****User is Created*******
2024-06-29 11:41:24.934 [main] INFO  api.tests.UserTests - *****getting User info*******
2024-06-29 11:41:26.520 [main] INFO  api.tests.UserTests - *****User info fetched*******
2024-06-29 11:41:26.526 [main] INFO  api.tests.UserTests - *****Updating User*******
2024-06-29 11:41:29.283 [main] INFO  api.tests.UserTests - *****User is updated*******
2024-06-29 11:41:29.289 [main] INFO  api.tests.UserTests - *****deleting User*******
2024-06-29 11:41:30.699 [main] INFO  api.tests.UserTests - ****User is deleted*******
2024-06-29 11:41:30.849 [main] INFO  api.tests.UserTests2 - *****Creating User*******
2024-06-29 11:41:30.889 [main] INFO  api.tests.UserTests2 - *****getting User info*******
2024-06-29 11:41:30.929 [main] INFO  api.tests.UserTests2 - *****Updating User*******
2024-06-29 11:41:30.972 [main] INFO  api.tests.UserTests2 - *****deleting User*******
2024-06-29 11:42:51.093 [main] INFO  api.tests.UserTests2 - *****Creating User*******
2024-06-29 11:42:52.528 [main] INFO  api.tests.UserTests2 - *****getting User info*******
2024-06-29 11:42:52.578 [main] INFO  api.tests.UserTests2 - *****Updating User*******
2024-06-29 11:42:52.608 [main] INFO  api.tests.UserTests2 - *****deleting User*******
2024-06-29 11:43:21.685 [main] INFO  api.tests.UserTests2 - *****Creating User*******
2024-06-29 11:43:23.131 [main] INFO  api.tests.UserTests2 - *****getting User info*******
2024-06-29 11:43:23.188 [main] INFO  api.tests.UserTests2 - *****Updating User*******
2024-06-29 11:43:23.221 [main] INFO  api.tests.UserTests2 - *****deleting User*******
2024-06-29 11:47:30.572 [main] INFO  api.tests.UserTests2 - *****Creating User*******
2024-06-29 11:47:34.221 [main] INFO  api.tests.UserTests2 - *****User is Created*******
2024-06-29 11:47:34.244 [main] INFO  api.tests.UserTests2 - *****getting User info*******
2024-06-29 11:47:35.782 [main] INFO  api.tests.UserTests2 - *****User info fetched*******
2024-06-29 11:47:35.799 [main] INFO  api.tests.UserTests2 - *****Updating User*******
2024-06-29 11:47:38.746 [main] INFO  api.tests.UserTests2 - *****User is updated*******
2024-06-29 11:47:38.753 [main] INFO  api.tests.UserTests2 - *****deleting User*******
2024-06-29 11:47:40.103 [main] INFO  api.tests.UserTests2 - ****User is deleted*******
2024-06-29 12:01:40.166 [main] INFO  api.tests.UserTests - *****Creating User*******
2024-06-29 12:01:43.743 [main] INFO  api.tests.UserTests - *****User is Created*******
2024-06-29 12:01:43.748 [main] INFO  api.tests.UserTests - *****getting User info*******
2024-06-29 12:01:45.201 [main] INFO  api.tests.UserTests - *****User info fetched*******
2024-06-29 12:01:45.205 [main] INFO  api.tests.UserTests - *****Updating User*******
2024-06-29 12:01:48.068 [main] INFO  api.tests.UserTests - *****User is updated*******
2024-06-29 12:01:48.072 [main] INFO  api.tests.UserTests - *****deleting User*******
2024-06-29 12:01:49.600 [main] INFO  api.tests.UserTests - ****User is deleted*******
2024-06-29 12:43:50.360 [main] INFO  api.tests.UserTests - *****Creating User*******
2024-06-29 12:43:54.706 [main] INFO  api.tests.UserTests - *****User is Created*******
2024-06-29 12:43:54.712 [main] INFO  api.tests.UserTests - *****getting User info*******
2024-06-29 12:43:56.142 [main] INFO  api.tests.UserTests - *****User info fetched*******
2024-06-29 12:43:56.145 [main] INFO  api.tests.UserTests - *****Updating User*******
2024-06-29 12:43:59.210 [main] INFO  api.tests.UserTests - *****User is updated*******
2024-06-29 12:43:59.214 [main] INFO  api.tests.UserTests - *****deleting User*******
2024-06-29 12:44:00.399 [main] INFO  api.tests.UserTests - ****User is deleted*******
